-----------------------------------------------------------------------------------------
      name:  <unnamed>
       log:  /Users/mtaylor2/Library/CloudStorage/GoogleDrive-marshall.taylor89@gmail.com
> /My Drive/wno_attention/fairness_sem.log
  log type:  text
 opened on:  10 Jan 2023, 12:08:39

. set more off  

. 
end of do-file

. do "/Users/mtaylor2/Library/CloudStorage/GoogleDrive-marshall.taylor89@gmail.com/My Dri
> ve/Sociology of Evaluation/Multiple Market Moralities MMM/fairness_repo/scripts/fairnes
> s_sem.do"

. 
. ********************************************
. // fairness_sem: Multiple Group Test of 
. //              Schema Invariance for Fairness paper
. // Note: Forthcomin in SER 
. // Author: Marshall A. Taylor
. ********************************************
. 
. version 16.0

. clear all

. macro drop _all

. log using fairness_sem.log, replace text
log file already open
r(604);

end of do-file

r(604);

. do "/var/folders/y_/b5zl4m9d69b5fg2jzxzhpg8m0000gq/T//SD14426.000000"

. encode group, gen(group2)
no variables defined
r(111);

end of do-file

r(111);

. do "/Users/mtaylor2/Library/CloudStorage/GoogleDrive-marshall.taylor89@gmail.com/My Dri
> ve/Sociology of Evaluation/Multiple Market Moralities MMM/fairness_repo/scripts/fairnes
> s_sem.do"

. 
. ********************************************
. // fairness_sem: Multiple Group Test of 
. //              Schema Invariance for Fairness paper
. // Note: Forthcomin in SER 
. // Author: Marshall A. Taylor
. ********************************************
. 
. version 16.0

. clear all

. macro drop _all

. log using fairness_sem.log, replace text
log file already open
r(604);

end of do-file

r(604);

. pwd
/Users/mtaylor2/Library/CloudStorage/GoogleDrive-marshall.taylor89@gmail.com/My Drive/wno
> _attention

. cd "/Users/mtaylor2/Library/CloudStorage/GoogleDrive-marshall.taylor89@gmail.com/My Dri
> ve/Sociology of Evaluation/Multiple Market Moralities MMM/fairness_repo"
/Users/mtaylor2/Library/CloudStorage/GoogleDrive-marshall.taylor89@gmail.com/My Drive/Soc
> iology of Evaluation/Multiple Market Moralities MMM/fairness_repo

. do "/Users/mtaylor2/Library/CloudStorage/GoogleDrive-marshall.taylor89@gmail.com/My Dri
> ve/Sociology of Evaluation/Multiple Market Moralities MMM/fairness_repo/scripts/fairnes
> s_sem.do"

. 
. ********************************************
. // fairness_sem: Multiple Group Test of 
. //              Schema Invariance for Fairness paper
. // Note: Forthcomin in SER 
. // Author: Marshall A. Taylor
. ********************************************
. 
. version 16.0

. clear all

. macro drop _all

. log using fairness_sem.log, replace text
log file already open
r(604);

end of do-file

r(604);

. do "/var/folders/y_/b5zl4m9d69b5fg2jzxzhpg8m0000gq/T//SD14426.000000"

. import delimited "data/sem_data.csv", clear
(202 vars, 839 obs)

. 
end of do-file

. do "/var/folders/y_/b5zl4m9d69b5fg2jzxzhpg8m0000gq/T//SD14426.000000"

. encode group, gen(group2)

. recode group2 (5 = .), gen(group3)
(20 differences between group2 and group3)

. 
end of do-file

. do "/var/folders/y_/b5zl4m9d69b5fg2jzxzhpg8m0000gq/T//SD14426.000000"

. sem painter autoa ///
>                         redwageb fixedinc pb grocery ///
>                         apples dolls hiring, group(group3)

Exogenous variables

Observed:  painter autoa redwageb fixedinc pb grocery apples dolls hiring

Fitting target model:

Iteration 0:   log likelihood = -7805.4127  
Iteration 1:   log likelihood = -7805.4127  

Structural equation model                       Number of obs     =        819
Grouping variable  = group3                     Number of groups  =          4
Estimation method  = ml
Log likelihood     = -7805.4127

Group              : 1                          Number of obs     =        157

---------------------------------------------------------------------------------------
                      |                 OIM
                      |      Coef.   Std. Err.      z    P>|z|     [95% Conf. Interval]
----------------------+----------------------------------------------------------------
         mean(painter)|   2.127389   .0602415    35.31   0.000     2.009317     2.24546
           mean(autoa)|   2.757962   .0670464    41.14   0.000     2.626553     2.88937
        mean(redwageb)|    2.88535    .061733    46.74   0.000     2.764356    3.006345
        mean(fixedinc)|   3.235669   .0577761    56.00   0.000      3.12243    3.348908
              mean(pb)|   2.191083   .0611822    35.81   0.000     2.071168    2.310998
         mean(grocery)|    2.33121   .0565328    41.24   0.000     2.220408    2.442012
          mean(apples)|   2.630573   .0619419    42.47   0.000     2.509169    2.751977
           mean(dolls)|   3.171975   .0638078    49.71   0.000     3.046914    3.297035
          mean(hiring)|   2.929936   .0577582    50.73   0.000     2.816732     3.04314
----------------------+----------------------------------------------------------------
          var(painter)|   .5697594   .0643068                      .4566877    .7108266
            var(autoa)|   .7057487   .0796554                      .5656893    .8804856
         var(redwageb)|   .5983204   .0675303                      .4795807    .7464591
         var(fixedinc)|   .5240781   .0591509                      .4200721     .653835
               var(pb)|   .5876912   .0663307                      .4710609    .7331981
          var(grocery)|   .5017648   .0566324                       .402187    .6259971
           var(apples)|   .6023774   .0679882                      .4828325    .7515205
            var(dolls)|   .6392146   .0721459                      .5123592    .7974782
           var(hiring)|   .5237535   .0591142                      .4198119      .65343
----------------------+----------------------------------------------------------------
    cov(painter,autoa)|   .3174571   .0565959     5.61   0.000     .2065312     .428383
 cov(painter,redwageb)|   .0719299   .0469498     1.53   0.126      -.02009    .1639498
 cov(painter,fixedinc)|   .1546919   .0453246     3.41   0.001     .0658573    .2435264
       cov(painter,pb)|   .1412633    .047538     2.97   0.003     .0480906    .2344361
  cov(painter,grocery)|   .2699095   .0478011     5.65   0.000     .1762211     .363598
   cov(painter,apples)|   .2254047   .0500966     4.50   0.000     .1272172    .3235921
    cov(painter,dolls)|   .0417867    .048279     0.87   0.387    -.0528383    .1364117
   cov(painter,hiring)|   .1044667   .0443873     2.35   0.019     .0174692    .1914643
   cov(autoa,redwageb)|   .2142886   .0546082     3.92   0.000     .1072584    .3213188
   cov(autoa,fixedinc)|   .2417542   .0522313     4.63   0.000     .1393828    .3441256
         cov(autoa,pb)|   .0526188   .0515697     1.02   0.308     -.048456    .1536935
    cov(autoa,grocery)|   .2330318   .0510042     4.57   0.000     .1330654    .3329981
     cov(autoa,apples)|   .3054891   .0574651     5.32   0.000     .1928596    .4181185
      cov(autoa,dolls)|   .2581849   .0574281     4.50   0.000     .1456279     .370742
     cov(autoa,hiring)|   .2123413   .0513962     4.13   0.000     .1116065    .3130761
cov(redwageb,fixedinc)|   .2117327   .0477785     4.43   0.000     .1180886    .3053769
      cov(redwageb,pb)|   .0919713    .047891     1.92   0.055    -.0018933    .1858358
 cov(redwageb,grocery)|   .1526228   .0453935     3.36   0.001     .0636531    .2415925
  cov(redwageb,apples)|   .2570084   .0521187     4.93   0.000     .1548577    .3591591
   cov(redwageb,dolls)|   .2171691   .0523108     4.15   0.000     .1146418    .3196963
  cov(redwageb,hiring)|   .2212666     .04804     4.61   0.000     .1271099    .3154233
      cov(fixedinc,pb)|  -.0195545   .0443192    -0.44   0.659    -.1064186    .0673095
 cov(fixedinc,grocery)|   .1066575   .0418018     2.55   0.011     .0247275    .1885874
  cov(fixedinc,apples)|   .1889732     .04731     3.99   0.000     .0962472    .2816992
   cov(fixedinc,dolls)|   .3416366   .0536392     6.37   0.000     .2365058    .4467674
  cov(fixedinc,hiring)|   .2012252    .044791     4.49   0.000     .1134364     .289014
       cov(pb,grocery)|   .1214248   .0444088     2.73   0.006     .0343851    .2084645
        cov(pb,apples)|   .1979796   .0500451     3.96   0.000     .0998931    .2960662
         cov(pb,dolls)|   .0053552   .0489175     0.11   0.913    -.0905214    .1012318
        cov(pb,hiring)|   .0898211   .0448546     2.00   0.045     .0019078    .1777344
   cov(grocery,apples)|   .2242687    .047387     4.73   0.000     .1313919    .3171456
    cov(grocery,dolls)|   .1341231   .0464487     2.89   0.004     .0430853    .2251608
   cov(grocery,hiring)|   .0805307    .041415     1.94   0.052    -.0006412    .1617025
     cov(apples,dolls)|   .2482454   .0533391     4.65   0.000     .1437027    .3527881
    cov(apples,hiring)|   .2480019   .0490029     5.06   0.000      .151958    .3440459
     cov(dolls,hiring)|    .203132   .0489412     4.15   0.000     .1072089     .299055
---------------------------------------------------------------------------------------

Group              : 2                          Number of obs     =        389

---------------------------------------------------------------------------------------
                      |                 OIM
                      |      Coef.   Std. Err.      z    P>|z|     [95% Conf. Interval]
----------------------+----------------------------------------------------------------
         mean(painter)|   2.475578   .0392415    63.09   0.000     2.398667     2.55249
           mean(autoa)|   2.717224   .0461935    58.82   0.000     2.626686    2.807761
        mean(redwageb)|   2.688946   .0370182    72.64   0.000     2.616392      2.7615
        mean(fixedinc)|    3.03599   .0407677    74.47   0.000     2.956087    3.115893
              mean(pb)|   2.722365   .0399919    68.07   0.000     2.643982    2.800748
         mean(grocery)|    2.40874   .0374308    64.35   0.000     2.335377    2.482103
          mean(apples)|   2.663239   .0412021    64.64   0.000     2.582484    2.743994
           mean(dolls)|   2.215938   .0542813    40.82   0.000     2.109549    2.322328
          mean(hiring)|   2.488432   .0462152    53.84   0.000     2.397852    2.579012
----------------------+----------------------------------------------------------------
          var(painter)|    .599018   .0429517                       .520482    .6894043
            var(autoa)|   .8300632   .0595184                      .7212355    .9553121
         var(redwageb)|   .5330655   .0382226                      .4631764    .6135001
         var(fixedinc)|   .6465197   .0463577                      .5617559    .7440735
               var(pb)|   .6221476   .0446101                      .5405792     .716024
          var(grocery)|   .5450136   .0390794                       .473558    .6272511
           var(apples)|    .660371   .0473509                      .5737912    .7600149
            var(dolls)|   1.146173   .0821846                      .9959005     1.31912
           var(hiring)|    .830843   .0595743                       .721913    .9562096
----------------------+----------------------------------------------------------------
    cov(painter,autoa)|   .2013204   .0371806     5.41   0.000     .1284477     .274193
 cov(painter,redwageb)|   .2250514   .0308393     7.30   0.000     .1646074    .2854954
 cov(painter,fixedinc)|   .1654033   .0326481     5.07   0.000     .1014142    .2293925
       cov(painter,pb)|   .1705976   .0321381     5.31   0.000     .1076081    .2335871
  cov(painter,grocery)|   .1269487   .0296764     4.28   0.000     .0687839    .1851134
   cov(painter,apples)|   .1884339   .0332893     5.66   0.000      .123188    .2536797
    cov(painter,dolls)|   .3137568   .0449227     6.98   0.000       .22571    .4018037
   cov(painter,hiring)|   .1327509   .0363966     3.65   0.000     .0614149    .2040869
   cov(autoa,redwageb)|   .1716814   .0348317     4.93   0.000     .1034126    .2399502
   cov(autoa,fixedinc)|   .2363981   .0390286     6.06   0.000     .1599035    .3128927
         cov(autoa,pb)|   .2762472   .0390351     7.08   0.000     .1997398    .3527546
    cov(autoa,grocery)|   .2081271   .0356977     5.83   0.000     .1381609    .2780933
     cov(autoa,apples)|   .3546434   .0416227     8.52   0.000     .2730645    .4362224
      cov(autoa,dolls)|  -.1445933   .0499949    -2.89   0.004    -.2425816    -.046605
     cov(autoa,hiring)|   .0070116   .0421071     0.17   0.868    -.0755169    .0895401
cov(redwageb,fixedinc)|   .1577243   .0308206     5.12   0.000     .0973171    .2181315
      cov(redwageb,pb)|   .1578565   .0302757     5.21   0.000     .0985172    .2171957
 cov(redwageb,grocery)|   .1219989     .02802     4.35   0.000     .0670808    .1769171
  cov(redwageb,apples)|   .1857376   .0315218     5.89   0.000      .123956    .2475192
   cov(redwageb,dolls)|   .1082996   .0400101     2.71   0.007     .0298812    .1867179
  cov(redwageb,hiring)|   .1005148    .034125     2.95   0.003      .033631    .1673986
      cov(fixedinc,pb)|   .1590923   .0331523     4.80   0.000     .0941149    .2240696
 cov(fixedinc,grocery)|    .124107   .0307475     4.04   0.000      .063843    .1843711
  cov(fixedinc,apples)|   .1586495   .0340917     4.65   0.000      .091831     .225468
   cov(fixedinc,dolls)|  -.1697253   .0444859    -3.82   0.000    -.2569161   -.0825345
  cov(fixedinc,hiring)|  -.0047251   .0371608    -0.13   0.899    -.0775588    .0681087
       cov(pb,grocery)|   .1957428   .0311475     6.28   0.000     .1346949    .2567907
        cov(pb,apples)|   .2432643   .0347605     7.00   0.000      .175135    .3113937
         cov(pb,dolls)|   .0188209   .0428257     0.44   0.660     -.065116    .1027578
        cov(pb,hiring)|   .0224952   .0364707     0.62   0.537     -.048986    .0939764
   cov(grocery,apples)|   .2430462   .0328188     7.41   0.000     .1787225      .30737
    cov(grocery,dolls)|   .1122514   .0404753     2.77   0.006     .0329213    .1915816
   cov(grocery,hiring)|   .0934173   .0344456     2.71   0.007     .0259052    .1609294
     cov(apples,dolls)|   .0084522   .0441128     0.19   0.848    -.0780073    .0949117
    cov(apples,hiring)|  -.0000397   .0375559    -0.00   0.999    -.0736479    .0735686
     cov(dolls,hiring)|   .2827037   .0515121     5.49   0.000     .1817418    .3836656
---------------------------------------------------------------------------------------

Group              : 3                          Number of obs     =        191

---------------------------------------------------------------------------------------
                      |                 OIM
                      |      Coef.   Std. Err.      z    P>|z|     [95% Conf. Interval]
----------------------+----------------------------------------------------------------
         mean(painter)|   2.010471   .0636893    31.57   0.000     1.885642      2.1353
           mean(autoa)|   2.942408   .0588549    49.99   0.000     2.827055    3.057762
        mean(redwageb)|   2.408377   .0615371    39.14   0.000     2.287767    2.528987
        mean(fixedinc)|   3.015707   .0531234    56.77   0.000     2.911587    3.119827
              mean(pb)|   3.010471   .0538985    55.85   0.000     2.904832     3.11611
         mean(grocery)|   2.581152   .0498049    51.83   0.000     2.483536    2.678768
          mean(apples)|   2.958115   .0567924    52.09   0.000     2.846804    3.069426
           mean(dolls)|   3.068063   .0587963    52.18   0.000     2.952824    3.183302
          mean(hiring)|   2.602094   .0640713    40.61   0.000     2.476517    2.727672
----------------------+----------------------------------------------------------------
          var(painter)|   .7747595   .0792803                      .6339637    .9468243
            var(autoa)|   .6616047   .0677013                      .5413723    .8085392
         var(redwageb)|   .7232806   .0740125                        .59184    .8839126
         var(fixedinc)|   .5390203   .0551574                       .441065    .6587303
               var(pb)|   .5548642   .0567786                      .4540296    .6780929
          var(grocery)|   .4737809   .0484815                      .3876814     .579002
           var(apples)|   .6160467   .0630394                      .5040935    .7528634
            var(dolls)|   .6602889   .0675666                      .5402957    .8069312
           var(hiring)|   .7840794    .080234                      .6415899    .9582141
----------------------+----------------------------------------------------------------
    cov(painter,autoa)|   .0058387   .0518061     0.11   0.910    -.0956993    .1073766
 cov(painter,redwageb)|   .3046243   .0584783     5.21   0.000      .190009    .4192396
 cov(painter,fixedinc)|    .177846   .0484979     3.67   0.000     .0827919    .2729001
       cov(painter,pb)|  -.0210521   .0474661    -0.44   0.657     -.114084    .0719799
  cov(painter,grocery)|   .0881555   .0443001     1.99   0.047     .0013288    .1749821
   cov(painter,apples)|   .0056742   .0499906     0.11   0.910    -.0923056    .1036539
    cov(painter,dolls)|  -.0268907   .0517894    -0.52   0.604     -.128396    .0746146
   cov(painter,hiring)|   .0879362   .0567536     1.55   0.121    -.0232988    .1991712
   cov(autoa,redwageb)|  -.0236013   .0500828    -0.47   0.637    -.1217618    .0745592
   cov(autoa,fixedinc)|   .1736794   .0450005     3.86   0.000     .0854802    .2618787
         cov(autoa,pb)|   .3670952   .0512595     7.16   0.000     .2666284     .467562
    cov(autoa,grocery)|   .2167156   .0434399     4.99   0.000      .131575    .3018561
     cov(autoa,apples)|   .3850223    .053945     7.14   0.000     .2792921    .4907526
      cov(autoa,dolls)|   .4122968   .0563664     7.31   0.000     .3018208    .5227729
     cov(autoa,hiring)|   .2231573   .0545591     4.09   0.000     .1162233    .3300912
cov(redwageb,fixedinc)|   .1192402   .0459957     2.59   0.010     .0290902    .2093901
      cov(redwageb,pb)|  -.0304542   .0458914    -0.66   0.507    -.1203997    .0594913
 cov(redwageb,grocery)|   .0506291   .0425152     1.19   0.234    -.0326991    .1339573
  cov(redwageb,apples)|   .0694608   .0485604     1.43   0.153    -.0257158    .1646374
   cov(redwageb,dolls)|  -.0120885   .0500115    -0.24   0.809    -.1101093    .0859323
  cov(redwageb,hiring)|   .0577835   .0546502     1.06   0.290    -.0493289    .1648959
      cov(fixedinc,pb)|   .1935528   .0419764     4.61   0.000     .1112805    .2758251
 cov(fixedinc,grocery)|   .1845892   .0389288     4.74   0.000     .1082903    .2608882
  cov(fixedinc,apples)|   .1734327   .0435434     3.98   0.000     .0880893    .2587762
   cov(fixedinc,dolls)|    .182177   .0451349     4.04   0.000     .0937142    .2706398
  cov(fixedinc,hiring)|   .1528467   .0483225     3.16   0.002     .0581364     .247557
       cov(pb,grocery)|   .2190455   .0403431     5.43   0.000     .1399745    .2981165
        cov(pb,apples)|   .2726899   .0466794     5.84   0.000        .1812    .3641798
         cov(pb,dolls)|   .3500726   .0505945     6.92   0.000     .2509093    .4492359
        cov(pb,hiring)|   .2135906   .0501661     4.26   0.000     .1152668    .3119145
   cov(grocery,apples)|   .2180587   .0421553     5.17   0.000     .1354358    .3006816
    cov(grocery,dolls)|   .2222253   .0435479     5.10   0.000     .1368729    .3075776
   cov(grocery,hiring)|   .2417149   .0474429     5.09   0.000     .1487285    .3347012
     cov(apples,dolls)|   .3588717   .0529525     6.78   0.000     .2550867    .4626567
    cov(apples,hiring)|   .2398783   .0531998     4.51   0.000     .1356087    .3441479
     cov(dolls,hiring)|   .1422658   .0530711     2.68   0.007     .0382485    .2462832
---------------------------------------------------------------------------------------

Group              : 4                          Number of obs     =         82

---------------------------------------------------------------------------------------
                      |                 OIM
                      |      Coef.   Std. Err.      z    P>|z|     [95% Conf. Interval]
----------------------+----------------------------------------------------------------
         mean(painter)|   2.865854   .0639801    44.79   0.000     2.740455    2.991252
           mean(autoa)|   2.963415   .0760513    38.97   0.000     2.814357    3.112472
        mean(redwageb)|   2.865854   .0706101    40.59   0.000      2.72746    3.004247
        mean(fixedinc)|   3.097561   .0636248    48.68   0.000     2.972859    3.222263
              mean(pb)|   2.841463   .0741189    38.34   0.000     2.696193    2.986734
         mean(grocery)|   1.890244   .0751878    25.14   0.000     1.742878    2.037609
          mean(apples)|   2.743902   .0909514    30.17   0.000     2.565641    2.922164
           mean(dolls)|   3.134146   .0706101    44.39   0.000     2.995753     3.27254
          mean(hiring)|   2.804878   .0760393    36.89   0.000     2.655844    2.953912
----------------------+----------------------------------------------------------------
          var(painter)|   .3356633   .0524218                      .2471545    .4558681
            var(autoa)|   .4742713   .0740687                      .3492139    .6441131
         var(redwageb)|    .408834   .0638491                      .3010313    .5552421
         var(fixedinc)|   .3319453   .0518411                      .2444168    .4508186
               var(pb)|   .4504759   .0703525                      .3316929    .6117964
          var(grocery)|   .4635634   .0723964                      .3413294    .6295706
           var(apples)|   .6783165   .1059352                      .4994558    .9212292
            var(dolls)|    .408834   .0638491                      .3010313    .5552421
           var(hiring)|   .4741225   .0740455                      .3491044    .6439112
----------------------+----------------------------------------------------------------
    cov(painter,autoa)|    .178019   .0482481     3.69   0.000     .0834545    .2725836
 cov(painter,redwageb)|   .0429804   .0411834     1.04   0.297    -.0377376    .1236983
 cov(painter,fixedinc)|   .1350387   .0397641     3.40   0.001     .0571024    .2129749
       cov(painter,pb)|   .1128792   .0447145     2.52   0.012     .0252404    .2005181
  cov(painter,grocery)|   .0096669   .0435743     0.22   0.824    -.0757371    .0950708
   cov(painter,apples)|   .2095479   .0575513     3.64   0.000     .0967495    .3223463
    cov(painter,dolls)|   .1887269    .045912     4.11   0.000     .0987412    .2787127
   cov(painter,hiring)|   .1811422   .0483834     3.74   0.000     .0863125    .2759719
   cov(autoa,redwageb)|   .1048483   .0499868     2.10   0.036     .0068761    .2028205
   cov(autoa,fixedinc)|   .0523498   .0441964     1.18   0.236    -.0342736    .1389732
         cov(autoa,pb)|   .1283462    .052975     2.42   0.015     .0245172    .2321753
    cov(autoa,grocery)|   .0325699   .0519046     0.63   0.530    -.0691613    .1343011
     cov(autoa,apples)|   .0881916   .0633884     1.39   0.164    -.0360475    .2124306
      cov(autoa,dolls)|   .1756395   .0523529     3.35   0.001     .0730298    .2782492
     cov(autoa,hiring)|   .1879833    .056331     3.34   0.001     .0775767      .29839
cov(redwageb,fixedinc)|   .0618679   .0412515     1.50   0.134    -.0189835    .1427194
      cov(redwageb,pb)|   -.009072   .0474023    -0.19   0.848    -.1019788    .0838348
 cov(redwageb,grocery)|    .021862   .0481358     0.45   0.650    -.0724824    .1162064
  cov(redwageb,apples)|   .0754015   .0587475     1.28   0.199    -.0397415    .1905446
   cov(redwageb,dolls)|   .1277513    .047301     2.70   0.007      .035043    .2204596
  cov(redwageb,hiring)|   .0226056   .0486837     0.46   0.642    -.0728127    .1180239
      cov(fixedinc,pb)|    .113028   .0444902     2.54   0.011     .0258289    .2002271
 cov(fixedinc,grocery)|  -.0746579   .0440968    -1.69   0.090    -.1610861    .0117703
  cov(fixedinc,apples)|   .1347412    .054473     2.47   0.013     .0279761    .2415063
   cov(fixedinc,dolls)|   .2674004   .0502692     5.32   0.000     .1688745    .3659262
  cov(fixedinc,hiring)|   .0678168   .0444453     1.53   0.127    -.0192945     .154928
       cov(pb,grocery)|   .0801606   .0512347     1.56   0.118    -.0202576    .1805789
        cov(pb,apples)|   .0691553   .0615201     1.12   0.261     -.051422    .1897325
         cov(pb,dolls)|   .0822427   .0482541     1.70   0.088    -.0123336    .1768191
        cov(pb,hiring)|   .2007733   .0556438     3.61   0.000     .0917136    .3098331
   cov(grocery,apples)|   .0206722   .0619667     0.33   0.739    -.1007804    .1421248
    cov(grocery,dolls)|  -.0828376   .0489378    -1.69   0.091    -.1787539    .0130787
   cov(grocery,hiring)|   .0029744   .0517728     0.06   0.954    -.0984984    .1044472
     cov(apples,dolls)|   .2294765    .063436     3.62   0.000     .1051442    .3538088
    cov(apples,hiring)|   .2183224   .0671066     3.25   0.001      .086796    .3498489
     cov(dolls,hiring)|   .0749554   .0493192     1.52   0.129    -.0217085    .1716193
---------------------------------------------------------------------------------------
LR test of model vs. saturated: chi2(0)   =      0.00, Prob > chi2 =      .

. 
end of do-file

. do "/var/folders/y_/b5zl4m9d69b5fg2jzxzhpg8m0000gq/T//SD14426.000000"

. sem painter autoa ///
>                         redwageb fixedinc pb grocery ///
>                         apples dolls hiring, group(group3)

Exogenous variables

Observed:  painter autoa redwageb fixedinc pb grocery apples dolls hiring

Fitting target model:

Iteration 0:   log likelihood = -7805.4127  
Iteration 1:   log likelihood = -7805.4127  

Structural equation model                       Number of obs     =        819
Grouping variable  = group3                     Number of groups  =          4
Estimation method  = ml
Log likelihood     = -7805.4127

Group              : 1                          Number of obs     =        157

---------------------------------------------------------------------------------------
                      |                 OIM
                      |      Coef.   Std. Err.      z    P>|z|     [95% Conf. Interval]
----------------------+----------------------------------------------------------------
         mean(painter)|   2.127389   .0602415    35.31   0.000     2.009317     2.24546
           mean(autoa)|   2.757962   .0670464    41.14   0.000     2.626553     2.88937
        mean(redwageb)|    2.88535    .061733    46.74   0.000     2.764356    3.006345
        mean(fixedinc)|   3.235669   .0577761    56.00   0.000      3.12243    3.348908
              mean(pb)|   2.191083   .0611822    35.81   0.000     2.071168    2.310998
         mean(grocery)|    2.33121   .0565328    41.24   0.000     2.220408    2.442012
          mean(apples)|   2.630573   .0619419    42.47   0.000     2.509169    2.751977
           mean(dolls)|   3.171975   .0638078    49.71   0.000     3.046914    3.297035
          mean(hiring)|   2.929936   .0577582    50.73   0.000     2.816732     3.04314
----------------------+----------------------------------------------------------------
          var(painter)|   .5697594   .0643068                      .4566877    .7108266
            var(autoa)|   .7057487   .0796554                      .5656893    .8804856
         var(redwageb)|   .5983204   .0675303                      .4795807    .7464591
         var(fixedinc)|   .5240781   .0591509                      .4200721     .653835
               var(pb)|   .5876912   .0663307                      .4710609    .7331981
          var(grocery)|   .5017648   .0566324                       .402187    .6259971
           var(apples)|   .6023774   .0679882                      .4828325    .7515205
            var(dolls)|   .6392146   .0721459                      .5123592    .7974782
           var(hiring)|   .5237535   .0591142                      .4198119      .65343
----------------------+----------------------------------------------------------------
    cov(painter,autoa)|   .3174571   .0565959     5.61   0.000     .2065312     .428383
 cov(painter,redwageb)|   .0719299   .0469498     1.53   0.126      -.02009    .1639498
 cov(painter,fixedinc)|   .1546919   .0453246     3.41   0.001     .0658573    .2435264
       cov(painter,pb)|   .1412633    .047538     2.97   0.003     .0480906    .2344361
  cov(painter,grocery)|   .2699095   .0478011     5.65   0.000     .1762211     .363598
   cov(painter,apples)|   .2254047   .0500966     4.50   0.000     .1272172    .3235921
    cov(painter,dolls)|   .0417867    .048279     0.87   0.387    -.0528383    .1364117
   cov(painter,hiring)|   .1044667   .0443873     2.35   0.019     .0174692    .1914643
   cov(autoa,redwageb)|   .2142886   .0546082     3.92   0.000     .1072584    .3213188
   cov(autoa,fixedinc)|   .2417542   .0522313     4.63   0.000     .1393828    .3441256
         cov(autoa,pb)|   .0526188   .0515697     1.02   0.308     -.048456    .1536935
    cov(autoa,grocery)|   .2330318   .0510042     4.57   0.000     .1330654    .3329981
     cov(autoa,apples)|   .3054891   .0574651     5.32   0.000     .1928596    .4181185
      cov(autoa,dolls)|   .2581849   .0574281     4.50   0.000     .1456279     .370742
     cov(autoa,hiring)|   .2123413   .0513962     4.13   0.000     .1116065    .3130761
cov(redwageb,fixedinc)|   .2117327   .0477785     4.43   0.000     .1180886    .3053769
      cov(redwageb,pb)|   .0919713    .047891     1.92   0.055    -.0018933    .1858358
 cov(redwageb,grocery)|   .1526228   .0453935     3.36   0.001     .0636531    .2415925
  cov(redwageb,apples)|   .2570084   .0521187     4.93   0.000     .1548577    .3591591
   cov(redwageb,dolls)|   .2171691   .0523108     4.15   0.000     .1146418    .3196963
  cov(redwageb,hiring)|   .2212666     .04804     4.61   0.000     .1271099    .3154233
      cov(fixedinc,pb)|  -.0195545   .0443192    -0.44   0.659    -.1064186    .0673095
 cov(fixedinc,grocery)|   .1066575   .0418018     2.55   0.011     .0247275    .1885874
  cov(fixedinc,apples)|   .1889732     .04731     3.99   0.000     .0962472    .2816992
   cov(fixedinc,dolls)|   .3416366   .0536392     6.37   0.000     .2365058    .4467674
  cov(fixedinc,hiring)|   .2012252    .044791     4.49   0.000     .1134364     .289014
       cov(pb,grocery)|   .1214248   .0444088     2.73   0.006     .0343851    .2084645
        cov(pb,apples)|   .1979796   .0500451     3.96   0.000     .0998931    .2960662
         cov(pb,dolls)|   .0053552   .0489175     0.11   0.913    -.0905214    .1012318
        cov(pb,hiring)|   .0898211   .0448546     2.00   0.045     .0019078    .1777344
   cov(grocery,apples)|   .2242687    .047387     4.73   0.000     .1313919    .3171456
    cov(grocery,dolls)|   .1341231   .0464487     2.89   0.004     .0430853    .2251608
   cov(grocery,hiring)|   .0805307    .041415     1.94   0.052    -.0006412    .1617025
     cov(apples,dolls)|   .2482454   .0533391     4.65   0.000     .1437027    .3527881
    cov(apples,hiring)|   .2480019   .0490029     5.06   0.000      .151958    .3440459
     cov(dolls,hiring)|    .203132   .0489412     4.15   0.000     .1072089     .299055
---------------------------------------------------------------------------------------

Group              : 2                          Number of obs     =        389

---------------------------------------------------------------------------------------
                      |                 OIM
                      |      Coef.   Std. Err.      z    P>|z|     [95% Conf. Interval]
----------------------+----------------------------------------------------------------
         mean(painter)|   2.475578   .0392415    63.09   0.000     2.398667     2.55249
           mean(autoa)|   2.717224   .0461935    58.82   0.000     2.626686    2.807761
        mean(redwageb)|   2.688946   .0370182    72.64   0.000     2.616392      2.7615
        mean(fixedinc)|    3.03599   .0407677    74.47   0.000     2.956087    3.115893
              mean(pb)|   2.722365   .0399919    68.07   0.000     2.643982    2.800748
         mean(grocery)|    2.40874   .0374308    64.35   0.000     2.335377    2.482103
          mean(apples)|   2.663239   .0412021    64.64   0.000     2.582484    2.743994
           mean(dolls)|   2.215938   .0542813    40.82   0.000     2.109549    2.322328
          mean(hiring)|   2.488432   .0462152    53.84   0.000     2.397852    2.579012
----------------------+----------------------------------------------------------------
          var(painter)|    .599018   .0429517                       .520482    .6894043
            var(autoa)|   .8300632   .0595184                      .7212355    .9553121
         var(redwageb)|   .5330655   .0382226                      .4631764    .6135001
         var(fixedinc)|   .6465197   .0463577                      .5617559    .7440735
               var(pb)|   .6221476   .0446101                      .5405792     .716024
          var(grocery)|   .5450136   .0390794                       .473558    .6272511
           var(apples)|    .660371   .0473509                      .5737912    .7600149
            var(dolls)|   1.146173   .0821846                      .9959005     1.31912
           var(hiring)|    .830843   .0595743                       .721913    .9562096
----------------------+----------------------------------------------------------------
    cov(painter,autoa)|   .2013204   .0371806     5.41   0.000     .1284477     .274193
 cov(painter,redwageb)|   .2250514   .0308393     7.30   0.000     .1646074    .2854954
 cov(painter,fixedinc)|   .1654033   .0326481     5.07   0.000     .1014142    .2293925
       cov(painter,pb)|   .1705976   .0321381     5.31   0.000     .1076081    .2335871
  cov(painter,grocery)|   .1269487   .0296764     4.28   0.000     .0687839    .1851134
   cov(painter,apples)|   .1884339   .0332893     5.66   0.000      .123188    .2536797
    cov(painter,dolls)|   .3137568   .0449227     6.98   0.000       .22571    .4018037
   cov(painter,hiring)|   .1327509   .0363966     3.65   0.000     .0614149    .2040869
   cov(autoa,redwageb)|   .1716814   .0348317     4.93   0.000     .1034126    .2399502
   cov(autoa,fixedinc)|   .2363981   .0390286     6.06   0.000     .1599035    .3128927
         cov(autoa,pb)|   .2762472   .0390351     7.08   0.000     .1997398    .3527546
    cov(autoa,grocery)|   .2081271   .0356977     5.83   0.000     .1381609    .2780933
     cov(autoa,apples)|   .3546434   .0416227     8.52   0.000     .2730645    .4362224
      cov(autoa,dolls)|  -.1445933   .0499949    -2.89   0.004    -.2425816    -.046605
     cov(autoa,hiring)|   .0070116   .0421071     0.17   0.868    -.0755169    .0895401
cov(redwageb,fixedinc)|   .1577243   .0308206     5.12   0.000     .0973171    .2181315
      cov(redwageb,pb)|   .1578565   .0302757     5.21   0.000     .0985172    .2171957
 cov(redwageb,grocery)|   .1219989     .02802     4.35   0.000     .0670808    .1769171
  cov(redwageb,apples)|   .1857376   .0315218     5.89   0.000      .123956    .2475192
   cov(redwageb,dolls)|   .1082996   .0400101     2.71   0.007     .0298812    .1867179
  cov(redwageb,hiring)|   .1005148    .034125     2.95   0.003      .033631    .1673986
      cov(fixedinc,pb)|   .1590923   .0331523     4.80   0.000     .0941149    .2240696
 cov(fixedinc,grocery)|    .124107   .0307475     4.04   0.000      .063843    .1843711
  cov(fixedinc,apples)|   .1586495   .0340917     4.65   0.000      .091831     .225468
   cov(fixedinc,dolls)|  -.1697253   .0444859    -3.82   0.000    -.2569161   -.0825345
  cov(fixedinc,hiring)|  -.0047251   .0371608    -0.13   0.899    -.0775588    .0681087
       cov(pb,grocery)|   .1957428   .0311475     6.28   0.000     .1346949    .2567907
        cov(pb,apples)|   .2432643   .0347605     7.00   0.000      .175135    .3113937
         cov(pb,dolls)|   .0188209   .0428257     0.44   0.660     -.065116    .1027578
        cov(pb,hiring)|   .0224952   .0364707     0.62   0.537     -.048986    .0939764
   cov(grocery,apples)|   .2430462   .0328188     7.41   0.000     .1787225      .30737
    cov(grocery,dolls)|   .1122514   .0404753     2.77   0.006     .0329213    .1915816
   cov(grocery,hiring)|   .0934173   .0344456     2.71   0.007     .0259052    .1609294
     cov(apples,dolls)|   .0084522   .0441128     0.19   0.848    -.0780073    .0949117
    cov(apples,hiring)|  -.0000397   .0375559    -0.00   0.999    -.0736479    .0735686
     cov(dolls,hiring)|   .2827037   .0515121     5.49   0.000     .1817418    .3836656
---------------------------------------------------------------------------------------

Group              : 3                          Number of obs     =        191

---------------------------------------------------------------------------------------
                      |                 OIM
                      |      Coef.   Std. Err.      z    P>|z|     [95% Conf. Interval]
----------------------+----------------------------------------------------------------
         mean(painter)|   2.010471   .0636893    31.57   0.000     1.885642      2.1353
           mean(autoa)|   2.942408   .0588549    49.99   0.000     2.827055    3.057762
        mean(redwageb)|   2.408377   .0615371    39.14   0.000     2.287767    2.528987
        mean(fixedinc)|   3.015707   .0531234    56.77   0.000     2.911587    3.119827
              mean(pb)|   3.010471   .0538985    55.85   0.000     2.904832     3.11611
         mean(grocery)|   2.581152   .0498049    51.83   0.000     2.483536    2.678768
          mean(apples)|   2.958115   .0567924    52.09   0.000     2.846804    3.069426
           mean(dolls)|   3.068063   .0587963    52.18   0.000     2.952824    3.183302
          mean(hiring)|   2.602094   .0640713    40.61   0.000     2.476517    2.727672
----------------------+----------------------------------------------------------------
          var(painter)|   .7747595   .0792803                      .6339637    .9468243
            var(autoa)|   .6616047   .0677013                      .5413723    .8085392
         var(redwageb)|   .7232806   .0740125                        .59184    .8839126
         var(fixedinc)|   .5390203   .0551574                       .441065    .6587303
               var(pb)|   .5548642   .0567786                      .4540296    .6780929
          var(grocery)|   .4737809   .0484815                      .3876814     .579002
           var(apples)|   .6160467   .0630394                      .5040935    .7528634
            var(dolls)|   .6602889   .0675666                      .5402957    .8069312
           var(hiring)|   .7840794    .080234                      .6415899    .9582141
----------------------+----------------------------------------------------------------
    cov(painter,autoa)|   .0058387   .0518061     0.11   0.910    -.0956993    .1073766
 cov(painter,redwageb)|   .3046243   .0584783     5.21   0.000      .190009    .4192396
 cov(painter,fixedinc)|    .177846   .0484979     3.67   0.000     .0827919    .2729001
       cov(painter,pb)|  -.0210521   .0474661    -0.44   0.657     -.114084    .0719799
  cov(painter,grocery)|   .0881555   .0443001     1.99   0.047     .0013288    .1749821
   cov(painter,apples)|   .0056742   .0499906     0.11   0.910    -.0923056    .1036539
    cov(painter,dolls)|  -.0268907   .0517894    -0.52   0.604     -.128396    .0746146
   cov(painter,hiring)|   .0879362   .0567536     1.55   0.121    -.0232988    .1991712
   cov(autoa,redwageb)|  -.0236013   .0500828    -0.47   0.637    -.1217618    .0745592
   cov(autoa,fixedinc)|   .1736794   .0450005     3.86   0.000     .0854802    .2618787
         cov(autoa,pb)|   .3670952   .0512595     7.16   0.000     .2666284     .467562
    cov(autoa,grocery)|   .2167156   .0434399     4.99   0.000      .131575    .3018561
     cov(autoa,apples)|   .3850223    .053945     7.14   0.000     .2792921    .4907526
      cov(autoa,dolls)|   .4122968   .0563664     7.31   0.000     .3018208    .5227729
     cov(autoa,hiring)|   .2231573   .0545591     4.09   0.000     .1162233    .3300912
cov(redwageb,fixedinc)|   .1192402   .0459957     2.59   0.010     .0290902    .2093901
      cov(redwageb,pb)|  -.0304542   .0458914    -0.66   0.507    -.1203997    .0594913
 cov(redwageb,grocery)|   .0506291   .0425152     1.19   0.234    -.0326991    .1339573
  cov(redwageb,apples)|   .0694608   .0485604     1.43   0.153    -.0257158    .1646374
   cov(redwageb,dolls)|  -.0120885   .0500115    -0.24   0.809    -.1101093    .0859323
  cov(redwageb,hiring)|   .0577835   .0546502     1.06   0.290    -.0493289    .1648959
      cov(fixedinc,pb)|   .1935528   .0419764     4.61   0.000     .1112805    .2758251
 cov(fixedinc,grocery)|   .1845892   .0389288     4.74   0.000     .1082903    .2608882
  cov(fixedinc,apples)|   .1734327   .0435434     3.98   0.000     .0880893    .2587762
   cov(fixedinc,dolls)|    .182177   .0451349     4.04   0.000     .0937142    .2706398
  cov(fixedinc,hiring)|   .1528467   .0483225     3.16   0.002     .0581364     .247557
       cov(pb,grocery)|   .2190455   .0403431     5.43   0.000     .1399745    .2981165
        cov(pb,apples)|   .2726899   .0466794     5.84   0.000        .1812    .3641798
         cov(pb,dolls)|   .3500726   .0505945     6.92   0.000     .2509093    .4492359
        cov(pb,hiring)|   .2135906   .0501661     4.26   0.000     .1152668    .3119145
   cov(grocery,apples)|   .2180587   .0421553     5.17   0.000     .1354358    .3006816
    cov(grocery,dolls)|   .2222253   .0435479     5.10   0.000     .1368729    .3075776
   cov(grocery,hiring)|   .2417149   .0474429     5.09   0.000     .1487285    .3347012
     cov(apples,dolls)|   .3588717   .0529525     6.78   0.000     .2550867    .4626567
    cov(apples,hiring)|   .2398783   .0531998     4.51   0.000     .1356087    .3441479
     cov(dolls,hiring)|   .1422658   .0530711     2.68   0.007     .0382485    .2462832
---------------------------------------------------------------------------------------

Group              : 4                          Number of obs     =         82

---------------------------------------------------------------------------------------
                      |                 OIM
                      |      Coef.   Std. Err.      z    P>|z|     [95% Conf. Interval]
----------------------+----------------------------------------------------------------
         mean(painter)|   2.865854   .0639801    44.79   0.000     2.740455    2.991252
           mean(autoa)|   2.963415   .0760513    38.97   0.000     2.814357    3.112472
        mean(redwageb)|   2.865854   .0706101    40.59   0.000      2.72746    3.004247
        mean(fixedinc)|   3.097561   .0636248    48.68   0.000     2.972859    3.222263
              mean(pb)|   2.841463   .0741189    38.34   0.000     2.696193    2.986734
         mean(grocery)|   1.890244   .0751878    25.14   0.000     1.742878    2.037609
          mean(apples)|   2.743902   .0909514    30.17   0.000     2.565641    2.922164
           mean(dolls)|   3.134146   .0706101    44.39   0.000     2.995753     3.27254
          mean(hiring)|   2.804878   .0760393    36.89   0.000     2.655844    2.953912
----------------------+----------------------------------------------------------------
          var(painter)|   .3356633   .0524218                      .2471545    .4558681
            var(autoa)|   .4742713   .0740687                      .3492139    .6441131
         var(redwageb)|    .408834   .0638491                      .3010313    .5552421
         var(fixedinc)|   .3319453   .0518411                      .2444168    .4508186
               var(pb)|   .4504759   .0703525                      .3316929    .6117964
          var(grocery)|   .4635634   .0723964                      .3413294    .6295706
           var(apples)|   .6783165   .1059352                      .4994558    .9212292
            var(dolls)|    .408834   .0638491                      .3010313    .5552421
           var(hiring)|   .4741225   .0740455                      .3491044    .6439112
----------------------+----------------------------------------------------------------
    cov(painter,autoa)|    .178019   .0482481     3.69   0.000     .0834545    .2725836
 cov(painter,redwageb)|   .0429804   .0411834     1.04   0.297    -.0377376    .1236983
 cov(painter,fixedinc)|   .1350387   .0397641     3.40   0.001     .0571024    .2129749
       cov(painter,pb)|   .1128792   .0447145     2.52   0.012     .0252404    .2005181
  cov(painter,grocery)|   .0096669   .0435743     0.22   0.824    -.0757371    .0950708
   cov(painter,apples)|   .2095479   .0575513     3.64   0.000     .0967495    .3223463
    cov(painter,dolls)|   .1887269    .045912     4.11   0.000     .0987412    .2787127
   cov(painter,hiring)|   .1811422   .0483834     3.74   0.000     .0863125    .2759719
   cov(autoa,redwageb)|   .1048483   .0499868     2.10   0.036     .0068761    .2028205
   cov(autoa,fixedinc)|   .0523498   .0441964     1.18   0.236    -.0342736    .1389732
         cov(autoa,pb)|   .1283462    .052975     2.42   0.015     .0245172    .2321753
    cov(autoa,grocery)|   .0325699   .0519046     0.63   0.530    -.0691613    .1343011
     cov(autoa,apples)|   .0881916   .0633884     1.39   0.164    -.0360475    .2124306
      cov(autoa,dolls)|   .1756395   .0523529     3.35   0.001     .0730298    .2782492
     cov(autoa,hiring)|   .1879833    .056331     3.34   0.001     .0775767      .29839
cov(redwageb,fixedinc)|   .0618679   .0412515     1.50   0.134    -.0189835    .1427194
      cov(redwageb,pb)|   -.009072   .0474023    -0.19   0.848    -.1019788    .0838348
 cov(redwageb,grocery)|    .021862   .0481358     0.45   0.650    -.0724824    .1162064
  cov(redwageb,apples)|   .0754015   .0587475     1.28   0.199    -.0397415    .1905446
   cov(redwageb,dolls)|   .1277513    .047301     2.70   0.007      .035043    .2204596
  cov(redwageb,hiring)|   .0226056   .0486837     0.46   0.642    -.0728127    .1180239
      cov(fixedinc,pb)|    .113028   .0444902     2.54   0.011     .0258289    .2002271
 cov(fixedinc,grocery)|  -.0746579   .0440968    -1.69   0.090    -.1610861    .0117703
  cov(fixedinc,apples)|   .1347412    .054473     2.47   0.013     .0279761    .2415063
   cov(fixedinc,dolls)|   .2674004   .0502692     5.32   0.000     .1688745    .3659262
  cov(fixedinc,hiring)|   .0678168   .0444453     1.53   0.127    -.0192945     .154928
       cov(pb,grocery)|   .0801606   .0512347     1.56   0.118    -.0202576    .1805789
        cov(pb,apples)|   .0691553   .0615201     1.12   0.261     -.051422    .1897325
         cov(pb,dolls)|   .0822427   .0482541     1.70   0.088    -.0123336    .1768191
        cov(pb,hiring)|   .2007733   .0556438     3.61   0.000     .0917136    .3098331
   cov(grocery,apples)|   .0206722   .0619667     0.33   0.739    -.1007804    .1421248
    cov(grocery,dolls)|  -.0828376   .0489378    -1.69   0.091    -.1787539    .0130787
   cov(grocery,hiring)|   .0029744   .0517728     0.06   0.954    -.0984984    .1044472
     cov(apples,dolls)|   .2294765    .063436     3.62   0.000     .1051442    .3538088
    cov(apples,hiring)|   .2183224   .0671066     3.25   0.001      .086796    .3498489
     cov(dolls,hiring)|   .0749554   .0493192     1.52   0.129    -.0217085    .1716193
---------------------------------------------------------------------------------------
LR test of model vs. saturated: chi2(0)   =      0.00, Prob > chi2 =      .

. est store DIFF9

. 
end of do-file

. do "/var/folders/y_/b5zl4m9d69b5fg2jzxzhpg8m0000gq/T//SD14426.000000"

. sem painter autoa ///
>                         redwageb fixedinc pb grocery ///
>                         apples dolls hiring, group(group3) ginvariant(covex)

Exogenous variables

Observed:  painter autoa redwageb fixedinc pb grocery apples dolls hiring

Fitting target model:

Iteration 0:   log likelihood = -8307.7769  
Iteration 1:   log likelihood = -8251.2351  
Iteration 2:   log likelihood = -8241.4483  
Iteration 3:   log likelihood = -8241.3782  
Iteration 4:   log likelihood = -8241.3782  

Structural equation model                       Number of obs     =        819
Grouping variable  = group3                     Number of groups  =          4
Estimation method  = ml
Log likelihood     = -8241.3782

 ( 1)  [/]var(painter)#1bn.group3 - [/]var(painter)#4.group3 = 0
 ( 2)  [/]cov(painter,autoa)#1bn.group3 - [/]cov(painter,autoa)#4.group3 = 0
 ( 3)  [/]cov(painter,redwageb)#1bn.group3 - [/]cov(painter,redwageb)#4.group3 = 0
 ( 4)  [/]cov(painter,fixedinc)#1bn.group3 - [/]cov(painter,fixedinc)#4.group3 = 0
 ( 5)  [/]cov(painter,pb)#1bn.group3 - [/]cov(painter,pb)#4.group3 = 0
 ( 6)  [/]cov(painter,grocery)#1bn.group3 - [/]cov(painter,grocery)#4.group3 = 0
 ( 7)  [/]cov(painter,apples)#1bn.group3 - [/]cov(painter,apples)#4.group3 = 0
 ( 8)  [/]cov(painter,dolls)#1bn.group3 - [/]cov(painter,dolls)#4.group3 = 0
 ( 9)  [/]cov(painter,hiring)#1bn.group3 - [/]cov(painter,hiring)#4.group3 = 0
 (10)  [/]var(autoa)#1bn.group3 - [/]var(autoa)#4.group3 = 0
 (11)  [/]cov(autoa,redwageb)#1bn.group3 - [/]cov(autoa,redwageb)#4.group3 = 0
 (12)  [/]cov(autoa,fixedinc)#1bn.group3 - [/]cov(autoa,fixedinc)#4.group3 = 0
 (13)  [/]cov(autoa,pb)#1bn.group3 - [/]cov(autoa,pb)#4.group3 = 0
 (14)  [/]cov(autoa,grocery)#1bn.group3 - [/]cov(autoa,grocery)#4.group3 = 0
 (15)  [/]cov(autoa,apples)#1bn.group3 - [/]cov(autoa,apples)#4.group3 = 0
 (16)  [/]cov(autoa,dolls)#1bn.group3 - [/]cov(autoa,dolls)#4.group3 = 0
 (17)  [/]cov(autoa,hiring)#1bn.group3 - [/]cov(autoa,hiring)#4.group3 = 0
 (18)  [/]var(redwageb)#1bn.group3 - [/]var(redwageb)#4.group3 = 0
 (19)  [/]cov(redwageb,fixedinc)#1bn.group3 - [/]cov(redwageb,fixedinc)#4.group3 = 0
 (20)  [/]cov(redwageb,pb)#1bn.group3 - [/]cov(redwageb,pb)#4.group3 = 0
 (21)  [/]cov(redwageb,grocery)#1bn.group3 - [/]cov(redwageb,grocery)#4.group3 = 0
 (22)  [/]cov(redwageb,apples)#1bn.group3 - [/]cov(redwageb,apples)#4.group3 = 0
 (23)  [/]cov(redwageb,dolls)#1bn.group3 - [/]cov(redwageb,dolls)#4.group3 = 0
 (24)  [/]cov(redwageb,hiring)#1bn.group3 - [/]cov(redwageb,hiring)#4.group3 = 0
 (25)  [/]var(fixedinc)#1bn.group3 - [/]var(fixedinc)#4.group3 = 0
 (26)  [/]cov(fixedinc,pb)#1bn.group3 - [/]cov(fixedinc,pb)#4.group3 = 0
 (27)  [/]cov(fixedinc,grocery)#1bn.group3 - [/]cov(fixedinc,grocery)#4.group3 = 0
 (28)  [/]cov(fixedinc,apples)#1bn.group3 - [/]cov(fixedinc,apples)#4.group3 = 0
 (29)  [/]cov(fixedinc,dolls)#1bn.group3 - [/]cov(fixedinc,dolls)#4.group3 = 0
 (30)  [/]cov(fixedinc,hiring)#1bn.group3 - [/]cov(fixedinc,hiring)#4.group3 = 0
 (31)  [/]var(pb)#1bn.group3 - [/]var(pb)#4.group3 = 0
 (32)  [/]cov(pb,grocery)#1bn.group3 - [/]cov(pb,grocery)#4.group3 = 0
 (33)  [/]cov(pb,apples)#1bn.group3 - [/]cov(pb,apples)#4.group3 = 0
 (34)  [/]cov(pb,dolls)#1bn.group3 - [/]cov(pb,dolls)#4.group3 = 0
 (35)  [/]cov(pb,hiring)#1bn.group3 - [/]cov(pb,hiring)#4.group3 = 0
 (36)  [/]var(grocery)#1bn.group3 - [/]var(grocery)#4.group3 = 0
 (37)  [/]cov(grocery,apples)#1bn.group3 - [/]cov(grocery,apples)#4.group3 = 0
 (38)  [/]cov(grocery,dolls)#1bn.group3 - [/]cov(grocery,dolls)#4.group3 = 0
 (39)  [/]cov(grocery,hiring)#1bn.group3 - [/]cov(grocery,hiring)#4.group3 = 0
 (40)  [/]var(apples)#1bn.group3 - [/]var(apples)#4.group3 = 0
 (41)  [/]cov(apples,dolls)#1bn.group3 - [/]cov(apples,dolls)#4.group3 = 0
 (42)  [/]cov(apples,hiring)#1bn.group3 - [/]cov(apples,hiring)#4.group3 = 0
 (43)  [/]var(dolls)#1bn.group3 - [/]var(dolls)#4.group3 = 0
 (44)  [/]cov(dolls,hiring)#1bn.group3 - [/]cov(dolls,hiring)#4.group3 = 0
 (45)  [/]var(hiring)#1bn.group3 - [/]var(hiring)#4.group3 = 0
 (46)  [/]var(painter)#2.group3 - [/]var(painter)#4.group3 = 0
 (47)  [/]cov(painter,autoa)#2.group3 - [/]cov(painter,autoa)#4.group3 = 0
 (48)  [/]cov(painter,redwageb)#2.group3 - [/]cov(painter,redwageb)#4.group3 = 0
 (49)  [/]cov(painter,fixedinc)#2.group3 - [/]cov(painter,fixedinc)#4.group3 = 0
 (50)  [/]cov(painter,pb)#2.group3 - [/]cov(painter,pb)#4.group3 = 0
 (51)  [/]cov(painter,grocery)#2.group3 - [/]cov(painter,grocery)#4.group3 = 0
 (52)  [/]cov(painter,apples)#2.group3 - [/]cov(painter,apples)#4.group3 = 0
 (53)  [/]cov(painter,dolls)#2.group3 - [/]cov(painter,dolls)#4.group3 = 0
 (54)  [/]cov(painter,hiring)#2.group3 - [/]cov(painter,hiring)#4.group3 = 0
 (55)  [/]var(autoa)#2.group3 - [/]var(autoa)#4.group3 = 0
 (56)  [/]cov(autoa,redwageb)#2.group3 - [/]cov(autoa,redwageb)#4.group3 = 0
 (57)  [/]cov(autoa,fixedinc)#2.group3 - [/]cov(autoa,fixedinc)#4.group3 = 0
 (58)  [/]cov(autoa,pb)#2.group3 - [/]cov(autoa,pb)#4.group3 = 0
 (59)  [/]cov(autoa,grocery)#2.group3 - [/]cov(autoa,grocery)#4.group3 = 0
 (60)  [/]cov(autoa,apples)#2.group3 - [/]cov(autoa,apples)#4.group3 = 0
 (61)  [/]cov(autoa,dolls)#2.group3 - [/]cov(autoa,dolls)#4.group3 = 0
 (62)  [/]cov(autoa,hiring)#2.group3 - [/]cov(autoa,hiring)#4.group3 = 0
 (63)  [/]var(redwageb)#2.group3 - [/]var(redwageb)#4.group3 = 0
 (64)  [/]cov(redwageb,fixedinc)#2.group3 - [/]cov(redwageb,fixedinc)#4.group3 = 0
 (65)  [/]cov(redwageb,pb)#2.group3 - [/]cov(redwageb,pb)#4.group3 = 0
 (66)  [/]cov(redwageb,grocery)#2.group3 - [/]cov(redwageb,grocery)#4.group3 = 0
 (67)  [/]cov(redwageb,apples)#2.group3 - [/]cov(redwageb,apples)#4.group3 = 0
 (68)  [/]cov(redwageb,dolls)#2.group3 - [/]cov(redwageb,dolls)#4.group3 = 0
 (69)  [/]cov(redwageb,hiring)#2.group3 - [/]cov(redwageb,hiring)#4.group3 = 0
 (70)  [/]var(fixedinc)#2.group3 - [/]var(fixedinc)#4.group3 = 0
 (71)  [/]cov(fixedinc,pb)#2.group3 - [/]cov(fixedinc,pb)#4.group3 = 0
 (72)  [/]cov(fixedinc,grocery)#2.group3 - [/]cov(fixedinc,grocery)#4.group3 = 0
 (73)  [/]cov(fixedinc,apples)#2.group3 - [/]cov(fixedinc,apples)#4.group3 = 0
 (74)  [/]cov(fixedinc,dolls)#2.group3 - [/]cov(fixedinc,dolls)#4.group3 = 0
 (75)  [/]cov(fixedinc,hiring)#2.group3 - [/]cov(fixedinc,hiring)#4.group3 = 0
 (76)  [/]var(pb)#2.group3 - [/]var(pb)#4.group3 = 0
 (77)  [/]cov(pb,grocery)#2.group3 - [/]cov(pb,grocery)#4.group3 = 0
 (78)  [/]cov(pb,apples)#2.group3 - [/]cov(pb,apples)#4.group3 = 0
 (79)  [/]cov(pb,dolls)#2.group3 - [/]cov(pb,dolls)#4.group3 = 0
 (80)  [/]cov(pb,hiring)#2.group3 - [/]cov(pb,hiring)#4.group3 = 0
 (81)  [/]var(grocery)#2.group3 - [/]var(grocery)#4.group3 = 0
 (82)  [/]cov(grocery,apples)#2.group3 - [/]cov(grocery,apples)#4.group3 = 0
 (83)  [/]cov(grocery,dolls)#2.group3 - [/]cov(grocery,dolls)#4.group3 = 0
 (84)  [/]cov(grocery,hiring)#2.group3 - [/]cov(grocery,hiring)#4.group3 = 0
 (85)  [/]var(apples)#2.group3 - [/]var(apples)#4.group3 = 0
 (86)  [/]cov(apples,dolls)#2.group3 - [/]cov(apples,dolls)#4.group3 = 0
 (87)  [/]cov(apples,hiring)#2.group3 - [/]cov(apples,hiring)#4.group3 = 0
 (88)  [/]var(dolls)#2.group3 - [/]var(dolls)#4.group3 = 0
 (89)  [/]cov(dolls,hiring)#2.group3 - [/]cov(dolls,hiring)#4.group3 = 0
 (90)  [/]var(hiring)#2.group3 - [/]var(hiring)#4.group3 = 0
 (91)  [/]var(painter)#3.group3 - [/]var(painter)#4.group3 = 0
 (92)  [/]cov(painter,autoa)#3.group3 - [/]cov(painter,autoa)#4.group3 = 0
 (93)  [/]cov(painter,redwageb)#3.group3 - [/]cov(painter,redwageb)#4.group3 = 0
 (94)  [/]cov(painter,fixedinc)#3.group3 - [/]cov(painter,fixedinc)#4.group3 = 0
 (95)  [/]cov(painter,pb)#3.group3 - [/]cov(painter,pb)#4.group3 = 0
 (96)  [/]cov(painter,grocery)#3.group3 - [/]cov(painter,grocery)#4.group3 = 0
 (97)  [/]cov(painter,apples)#3.group3 - [/]cov(painter,apples)#4.group3 = 0
 (98)  [/]cov(painter,dolls)#3.group3 - [/]cov(painter,dolls)#4.group3 = 0
 (99)  [/]cov(painter,hiring)#3.group3 - [/]cov(painter,hiring)#4.group3 = 0
 (100)  [/]var(autoa)#3.group3 - [/]var(autoa)#4.group3 = 0
 (101)  [/]cov(autoa,redwageb)#3.group3 - [/]cov(autoa,redwageb)#4.group3 = 0
 (102)  [/]cov(autoa,fixedinc)#3.group3 - [/]cov(autoa,fixedinc)#4.group3 = 0
 (103)  [/]cov(autoa,pb)#3.group3 - [/]cov(autoa,pb)#4.group3 = 0
 (104)  [/]cov(autoa,grocery)#3.group3 - [/]cov(autoa,grocery)#4.group3 = 0
 (105)  [/]cov(autoa,apples)#3.group3 - [/]cov(autoa,apples)#4.group3 = 0
 (106)  [/]cov(autoa,dolls)#3.group3 - [/]cov(autoa,dolls)#4.group3 = 0
 (107)  [/]cov(autoa,hiring)#3.group3 - [/]cov(autoa,hiring)#4.group3 = 0
 (108)  [/]var(redwageb)#3.group3 - [/]var(redwageb)#4.group3 = 0
 (109)  [/]cov(redwageb,fixedinc)#3.group3 - [/]cov(redwageb,fixedinc)#4.group3 = 0
 (110)  [/]cov(redwageb,pb)#3.group3 - [/]cov(redwageb,pb)#4.group3 = 0
 (111)  [/]cov(redwageb,grocery)#3.group3 - [/]cov(redwageb,grocery)#4.group3 = 0
 (112)  [/]cov(redwageb,apples)#3.group3 - [/]cov(redwageb,apples)#4.group3 = 0
 (113)  [/]cov(redwageb,dolls)#3.group3 - [/]cov(redwageb,dolls)#4.group3 = 0
 (114)  [/]cov(redwageb,hiring)#3.group3 - [/]cov(redwageb,hiring)#4.group3 = 0
 (115)  [/]var(fixedinc)#3.group3 - [/]var(fixedinc)#4.group3 = 0
 (116)  [/]cov(fixedinc,pb)#3.group3 - [/]cov(fixedinc,pb)#4.group3 = 0
 (117)  [/]cov(fixedinc,grocery)#3.group3 - [/]cov(fixedinc,grocery)#4.group3 = 0
 (118)  [/]cov(fixedinc,apples)#3.group3 - [/]cov(fixedinc,apples)#4.group3 = 0
 (119)  [/]cov(fixedinc,dolls)#3.group3 - [/]cov(fixedinc,dolls)#4.group3 = 0
 (120)  [/]cov(fixedinc,hiring)#3.group3 - [/]cov(fixedinc,hiring)#4.group3 = 0
 (121)  [/]var(pb)#3.group3 - [/]var(pb)#4.group3 = 0
 (122)  [/]cov(pb,grocery)#3.group3 - [/]cov(pb,grocery)#4.group3 = 0
 (123)  [/]cov(pb,apples)#3.group3 - [/]cov(pb,apples)#4.group3 = 0
 (124)  [/]cov(pb,dolls)#3.group3 - [/]cov(pb,dolls)#4.group3 = 0
 (125)  [/]cov(pb,hiring)#3.group3 - [/]cov(pb,hiring)#4.group3 = 0
 (126)  [/]var(grocery)#3.group3 - [/]var(grocery)#4.group3 = 0
 (127)  [/]cov(grocery,apples)#3.group3 - [/]cov(grocery,apples)#4.group3 = 0
 (128)  [/]cov(grocery,dolls)#3.group3 - [/]cov(grocery,dolls)#4.group3 = 0
 (129)  [/]cov(grocery,hiring)#3.group3 - [/]cov(grocery,hiring)#4.group3 = 0
 (130)  [/]var(apples)#3.group3 - [/]var(apples)#4.group3 = 0
 (131)  [/]cov(apples,dolls)#3.group3 - [/]cov(apples,dolls)#4.group3 = 0
 (132)  [/]cov(apples,hiring)#3.group3 - [/]cov(apples,hiring)#4.group3 = 0
 (133)  [/]var(dolls)#3.group3 - [/]var(dolls)#4.group3 = 0
 (134)  [/]cov(dolls,hiring)#3.group3 - [/]cov(dolls,hiring)#4.group3 = 0
 (135)  [/]var(hiring)#3.group3 - [/]var(hiring)#4.group3 = 0

Group              : 1                          Number of obs     =        157

---------------------------------------------------------------------------------------
                      |                 OIM
                      |      Coef.   Std. Err.      z    P>|z|     [95% Conf. Interval]
----------------------+----------------------------------------------------------------
         mean(painter)|   2.127389   .0622317    34.18   0.000     2.005417     2.24936
           mean(autoa)|   2.757962   .0682504    40.41   0.000     2.624194     2.89173
        mean(redwageb)|    2.88535   .0606492    47.57   0.000      2.76648    3.004221
        mean(fixedinc)|   3.235669    .060068    53.87   0.000     3.117938      3.3534
              mean(pb)|   2.191083   .0609199    35.97   0.000     2.071682    2.310484
         mean(grocery)|    2.33121    .057104    40.82   0.000     2.219288    2.443132
          mean(apples)|   2.630573   .0638825    41.18   0.000     2.505366    2.755781
           mean(dolls)|   3.171975   .0740912    42.81   0.000     3.026758    3.317191
          mean(hiring)|   2.929936   .0679712    43.11   0.000     2.796715    3.063157
----------------------+----------------------------------------------------------------
          var(painter)|   .6080264   .0300466                      .5518982     .669863
            var(autoa)|   .7313234   .0361395                      .6638133    .8056993
         var(redwageb)|   .5774966   .0285379                      .5241866    .6362283
         var(fixedinc)|    .566482   .0279936                      .5141888    .6240935
               var(pb)|    .582663   .0287932                      .5288761    .6419201
          var(grocery)|   .5119557   .0252991                      .4646959    .5640218
           var(apples)|   .6407136   .0316619                      .5815679    .7058744
            var(dolls)|   .8618528   .0425899                      .7822933    .9495035
           var(hiring)|   .7253534   .0358445                      .6583944    .7991221
----------------------+----------------------------------------------------------------
    cov(painter,autoa)|    .175662   .0240959     7.29   0.000     .1284349     .222889
 cov(painter,redwageb)|   .1960264   .0218095     8.99   0.000     .1532807    .2387722
 cov(painter,fixedinc)|   .1632116   .0212857     7.67   0.000     .1214923    .2049308
       cov(painter,pb)|   .1145006   .0211796     5.41   0.000     .0729892    .1560119
  cov(painter,grocery)|   .1335644   .0200464     6.66   0.000     .0942741    .1728546
   cov(painter,apples)|   .1550134   .0224723     6.90   0.000     .1109684    .1990584
    cov(painter,dolls)|   .1696598   .0259805     6.53   0.000      .118739    .2205807
   cov(painter,hiring)|   .1217226   .0235922     5.16   0.000     .0754827    .1679626
   cov(autoa,redwageb)|   .1276155   .0231421     5.51   0.000     .0822577    .1729732
   cov(autoa,fixedinc)|   .2043709   .0235974     8.66   0.000     .1581208    .2506209
         cov(autoa,pb)|   .2397569   .0242997     9.87   0.000     .1921304    .2873834
    cov(autoa,grocery)|    .197327   .0224654     8.78   0.000     .1532957    .2413583
     cov(autoa,apples)|   .3256277   .0264875    12.29   0.000      .273713    .3775423
      cov(autoa,dolls)|   .0945536   .0279375     3.38   0.001      .039797    .1493101
     cov(autoa,hiring)|   .1148996   .0257647     4.46   0.000     .0644016    .1653975
cov(redwageb,fixedinc)|   .1495053   .0206575     7.24   0.000     .1090174    .1899932
      cov(redwageb,pb)|   .0845971   .0204838     4.13   0.000     .0444495    .1247447
 cov(redwageb,grocery)|   .1011993   .0193261     5.24   0.000     .0633209    .1390777
  cov(redwageb,apples)|   .1612359   .0219892     7.33   0.000     .1181379    .2043339
   cov(redwageb,dolls)|   .1030412   .0249134     4.14   0.000     .0542119    .1518706
  cov(redwageb,hiring)|   .1058967   .0229163     4.62   0.000     .0609816    .1508119
      cov(fixedinc,pb)|   .1282707   .0205695     6.24   0.000     .0879553    .1685861
 cov(fixedinc,grocery)|   .1149664   .0192418     5.97   0.000     .0772532    .1526795
  cov(fixedinc,apples)|   .1655163   .0218315     7.58   0.000     .1227273    .2083054
   cov(fixedinc,dolls)|   .0541349   .0244888     2.21   0.027     .0061377     .102132
  cov(fixedinc,hiring)|   .0787656   .0225673     3.49   0.000     .0345344    .1229967
       cov(pb,grocery)|   .1753584   .0200442     8.75   0.000     .1360726    .2146442
        cov(pb,apples)|   .2240136   .0227398     9.85   0.000     .1794445    .2685827
         cov(pb,dolls)|   .0998411   .0250064     3.99   0.000     .0508294    .1488528
        cov(pb,hiring)|   .0978166   .0229722     4.26   0.000     .0527919    .1428413
   cov(grocery,apples)|   .2113547    .021332     9.91   0.000     .1695449    .2531646
    cov(grocery,dolls)|   .1225586   .0236026     5.19   0.000     .0762983    .1688188
   cov(grocery,hiring)|   .1164763   .0216791     5.37   0.000     .0739861    .1589665
     cov(apples,dolls)|   .1582711   .0265485     5.96   0.000      .106237    .2103052
    cov(apples,hiring)|   .1253236   .0242204     5.17   0.000     .0778525    .1727948
     cov(dolls,hiring)|   .2138981   .0286211     7.47   0.000     .1578017    .2699945
---------------------------------------------------------------------------------------

Group              : 2                          Number of obs     =        389

---------------------------------------------------------------------------------------
                      |                 OIM
                      |      Coef.   Std. Err.      z    P>|z|     [95% Conf. Interval]
----------------------+----------------------------------------------------------------
         mean(painter)|   2.475578   .0395354    62.62   0.000      2.39809    2.553066
           mean(autoa)|   2.717224   .0433591    62.67   0.000     2.632241    2.802206
        mean(redwageb)|   2.688946   .0385301    69.79   0.000     2.613428    2.764464
        mean(fixedinc)|    3.03599   .0381609    79.56   0.000     2.961196    3.110784
              mean(pb)|   2.722365    .038702    70.34   0.000      2.64651     2.79822
         mean(grocery)|    2.40874   .0362778    66.40   0.000     2.337637    2.479844
          mean(apples)|   2.663239   .0405842    65.62   0.000     2.583695    2.742783
           mean(dolls)|   2.215938   .0470697    47.08   0.000     2.123683    2.308193
          mean(hiring)|   2.488432   .0431817    57.63   0.000     2.403797    2.573067
----------------------+----------------------------------------------------------------
          var(painter)|   .6080264   .0300466                      .5518982     .669863
            var(autoa)|   .7313234   .0361395                      .6638133    .8056993
         var(redwageb)|   .5774966   .0285379                      .5241866    .6362283
         var(fixedinc)|    .566482   .0279936                      .5141888    .6240935
               var(pb)|    .582663   .0287932                      .5288761    .6419201
          var(grocery)|   .5119557   .0252991                      .4646959    .5640218
           var(apples)|   .6407136   .0316619                      .5815679    .7058744
            var(dolls)|   .8618528   .0425899                      .7822933    .9495035
           var(hiring)|   .7253534   .0358445                      .6583944    .7991221
----------------------+----------------------------------------------------------------
    cov(painter,autoa)|    .175662   .0240959     7.29   0.000     .1284349     .222889
 cov(painter,redwageb)|   .1960264   .0218095     8.99   0.000     .1532807    .2387722
 cov(painter,fixedinc)|   .1632116   .0212857     7.67   0.000     .1214923    .2049308
       cov(painter,pb)|   .1145006   .0211796     5.41   0.000     .0729892    .1560119
  cov(painter,grocery)|   .1335644   .0200464     6.66   0.000     .0942741    .1728546
   cov(painter,apples)|   .1550134   .0224723     6.90   0.000     .1109684    .1990584
    cov(painter,dolls)|   .1696598   .0259805     6.53   0.000      .118739    .2205807
   cov(painter,hiring)|   .1217226   .0235922     5.16   0.000     .0754827    .1679626
   cov(autoa,redwageb)|   .1276155   .0231421     5.51   0.000     .0822577    .1729732
   cov(autoa,fixedinc)|   .2043709   .0235974     8.66   0.000     .1581208    .2506209
         cov(autoa,pb)|   .2397569   .0242997     9.87   0.000     .1921304    .2873834
    cov(autoa,grocery)|    .197327   .0224654     8.78   0.000     .1532957    .2413583
     cov(autoa,apples)|   .3256277   .0264875    12.29   0.000      .273713    .3775423
      cov(autoa,dolls)|   .0945536   .0279375     3.38   0.001      .039797    .1493101
     cov(autoa,hiring)|   .1148996   .0257647     4.46   0.000     .0644016    .1653975
cov(redwageb,fixedinc)|   .1495053   .0206575     7.24   0.000     .1090174    .1899932
      cov(redwageb,pb)|   .0845971   .0204838     4.13   0.000     .0444495    .1247447
 cov(redwageb,grocery)|   .1011993   .0193261     5.24   0.000     .0633209    .1390777
  cov(redwageb,apples)|   .1612359   .0219892     7.33   0.000     .1181379    .2043339
   cov(redwageb,dolls)|   .1030412   .0249134     4.14   0.000     .0542119    .1518706
  cov(redwageb,hiring)|   .1058967   .0229163     4.62   0.000     .0609816    .1508119
      cov(fixedinc,pb)|   .1282707   .0205695     6.24   0.000     .0879553    .1685861
 cov(fixedinc,grocery)|   .1149664   .0192418     5.97   0.000     .0772532    .1526795
  cov(fixedinc,apples)|   .1655163   .0218315     7.58   0.000     .1227273    .2083054
   cov(fixedinc,dolls)|   .0541349   .0244888     2.21   0.027     .0061377     .102132
  cov(fixedinc,hiring)|   .0787656   .0225673     3.49   0.000     .0345344    .1229967
       cov(pb,grocery)|   .1753584   .0200442     8.75   0.000     .1360726    .2146442
        cov(pb,apples)|   .2240136   .0227398     9.85   0.000     .1794445    .2685827
         cov(pb,dolls)|   .0998411   .0250064     3.99   0.000     .0508294    .1488528
        cov(pb,hiring)|   .0978166   .0229722     4.26   0.000     .0527919    .1428413
   cov(grocery,apples)|   .2113547    .021332     9.91   0.000     .1695449    .2531646
    cov(grocery,dolls)|   .1225586   .0236026     5.19   0.000     .0762983    .1688188
   cov(grocery,hiring)|   .1164763   .0216791     5.37   0.000     .0739861    .1589665
     cov(apples,dolls)|   .1582711   .0265485     5.96   0.000      .106237    .2103052
    cov(apples,hiring)|   .1253236   .0242204     5.17   0.000     .0778525    .1727948
     cov(dolls,hiring)|   .2138981   .0286211     7.47   0.000     .1578017    .2699945
---------------------------------------------------------------------------------------

Group              : 3                          Number of obs     =        191

---------------------------------------------------------------------------------------
                      |                 OIM
                      |      Coef.   Std. Err.      z    P>|z|     [95% Conf. Interval]
----------------------+----------------------------------------------------------------
         mean(painter)|   2.010471   .0564215    35.63   0.000     1.899887    2.121055
           mean(autoa)|   2.942408   .0618783    47.55   0.000     2.821129    3.063688
        mean(redwageb)|   2.408377   .0549867    43.80   0.000     2.300605    2.516149
        mean(fixedinc)|   3.015707   .0544598    55.37   0.000     2.908967    3.122446
              mean(pb)|   3.010471   .0552322    54.51   0.000     2.902218    3.118724
         mean(grocery)|   2.581152   .0517725    49.86   0.000      2.47968    2.682624
          mean(apples)|   2.958115   .0579182    51.07   0.000     2.844598    3.071633
           mean(dolls)|   3.068063   .0671738    45.67   0.000     2.936405    3.199721
          mean(hiring)|   2.602094   .0616252    42.22   0.000     2.481311    2.722877
----------------------+----------------------------------------------------------------
          var(painter)|   .6080264   .0300466                      .5518982     .669863
            var(autoa)|   .7313234   .0361395                      .6638133    .8056993
         var(redwageb)|   .5774966   .0285379                      .5241866    .6362283
         var(fixedinc)|    .566482   .0279936                      .5141888    .6240935
               var(pb)|    .582663   .0287932                      .5288761    .6419201
          var(grocery)|   .5119557   .0252991                      .4646959    .5640218
           var(apples)|   .6407136   .0316619                      .5815679    .7058744
            var(dolls)|   .8618528   .0425899                      .7822933    .9495035
           var(hiring)|   .7253534   .0358445                      .6583944    .7991221
----------------------+----------------------------------------------------------------
    cov(painter,autoa)|    .175662   .0240959     7.29   0.000     .1284349     .222889
 cov(painter,redwageb)|   .1960264   .0218095     8.99   0.000     .1532807    .2387722
 cov(painter,fixedinc)|   .1632116   .0212857     7.67   0.000     .1214923    .2049308
       cov(painter,pb)|   .1145006   .0211796     5.41   0.000     .0729892    .1560119
  cov(painter,grocery)|   .1335644   .0200464     6.66   0.000     .0942741    .1728546
   cov(painter,apples)|   .1550134   .0224723     6.90   0.000     .1109684    .1990584
    cov(painter,dolls)|   .1696598   .0259805     6.53   0.000      .118739    .2205807
   cov(painter,hiring)|   .1217226   .0235922     5.16   0.000     .0754827    .1679626
   cov(autoa,redwageb)|   .1276155   .0231421     5.51   0.000     .0822577    .1729732
   cov(autoa,fixedinc)|   .2043709   .0235974     8.66   0.000     .1581208    .2506209
         cov(autoa,pb)|   .2397569   .0242997     9.87   0.000     .1921304    .2873834
    cov(autoa,grocery)|    .197327   .0224654     8.78   0.000     .1532957    .2413583
     cov(autoa,apples)|   .3256277   .0264875    12.29   0.000      .273713    .3775423
      cov(autoa,dolls)|   .0945536   .0279375     3.38   0.001      .039797    .1493101
     cov(autoa,hiring)|   .1148996   .0257647     4.46   0.000     .0644016    .1653975
cov(redwageb,fixedinc)|   .1495053   .0206575     7.24   0.000     .1090174    .1899932
      cov(redwageb,pb)|   .0845971   .0204838     4.13   0.000     .0444495    .1247447
 cov(redwageb,grocery)|   .1011993   .0193261     5.24   0.000     .0633209    .1390777
  cov(redwageb,apples)|   .1612359   .0219892     7.33   0.000     .1181379    .2043339
   cov(redwageb,dolls)|   .1030412   .0249134     4.14   0.000     .0542119    .1518706
  cov(redwageb,hiring)|   .1058967   .0229163     4.62   0.000     .0609816    .1508119
      cov(fixedinc,pb)|   .1282707   .0205695     6.24   0.000     .0879553    .1685861
 cov(fixedinc,grocery)|   .1149664   .0192418     5.97   0.000     .0772532    .1526795
  cov(fixedinc,apples)|   .1655163   .0218315     7.58   0.000     .1227273    .2083054
   cov(fixedinc,dolls)|   .0541349   .0244888     2.21   0.027     .0061377     .102132
  cov(fixedinc,hiring)|   .0787656   .0225673     3.49   0.000     .0345344    .1229967
       cov(pb,grocery)|   .1753584   .0200442     8.75   0.000     .1360726    .2146442
        cov(pb,apples)|   .2240136   .0227398     9.85   0.000     .1794445    .2685827
         cov(pb,dolls)|   .0998411   .0250064     3.99   0.000     .0508294    .1488528
        cov(pb,hiring)|   .0978166   .0229722     4.26   0.000     .0527919    .1428413
   cov(grocery,apples)|   .2113547    .021332     9.91   0.000     .1695449    .2531646
    cov(grocery,dolls)|   .1225586   .0236026     5.19   0.000     .0762983    .1688188
   cov(grocery,hiring)|   .1164763   .0216791     5.37   0.000     .0739861    .1589665
     cov(apples,dolls)|   .1582711   .0265485     5.96   0.000      .106237    .2103052
    cov(apples,hiring)|   .1253236   .0242204     5.17   0.000     .0778525    .1727948
     cov(dolls,hiring)|   .2138981   .0286211     7.47   0.000     .1578017    .2699945
---------------------------------------------------------------------------------------

Group              : 4                          Number of obs     =         82

---------------------------------------------------------------------------------------
                      |                 OIM
                      |      Coef.   Std. Err.      z    P>|z|     [95% Conf. Interval]
----------------------+----------------------------------------------------------------
         mean(painter)|   2.865854   .0861101    33.28   0.000     2.697081    3.034626
           mean(autoa)|   2.963415   .0944382    31.38   0.000     2.778319     3.14851
        mean(redwageb)|   2.865854   .0839204    34.15   0.000     2.701373    3.030335
        mean(fixedinc)|   3.097561   .0831163    37.27   0.000     2.934656    3.260466
              mean(pb)|   2.841463    .084295    33.71   0.000     2.676248    3.006679
         mean(grocery)|   1.890244   .0790149    23.92   0.000     1.735377     2.04511
          mean(apples)|   2.743902   .0883945    31.04   0.000     2.570652    2.917152
           mean(dolls)|   3.134146   .1025202    30.57   0.000      2.93321    3.335082
          mean(hiring)|   2.804878    .094052    29.82   0.000      2.62054    2.989217
----------------------+----------------------------------------------------------------
          var(painter)|   .6080264   .0300466                      .5518982     .669863
            var(autoa)|   .7313234   .0361395                      .6638133    .8056993
         var(redwageb)|   .5774966   .0285379                      .5241866    .6362283
         var(fixedinc)|    .566482   .0279936                      .5141888    .6240935
               var(pb)|    .582663   .0287932                      .5288761    .6419201
          var(grocery)|   .5119557   .0252991                      .4646959    .5640218
           var(apples)|   .6407136   .0316619                      .5815679    .7058744
            var(dolls)|   .8618528   .0425899                      .7822933    .9495035
           var(hiring)|   .7253534   .0358445                      .6583944    .7991221
----------------------+----------------------------------------------------------------
    cov(painter,autoa)|    .175662   .0240959     7.29   0.000     .1284349     .222889
 cov(painter,redwageb)|   .1960264   .0218095     8.99   0.000     .1532807    .2387722
 cov(painter,fixedinc)|   .1632116   .0212857     7.67   0.000     .1214923    .2049308
       cov(painter,pb)|   .1145006   .0211796     5.41   0.000     .0729892    .1560119
  cov(painter,grocery)|   .1335644   .0200464     6.66   0.000     .0942741    .1728546
   cov(painter,apples)|   .1550134   .0224723     6.90   0.000     .1109684    .1990584
    cov(painter,dolls)|   .1696598   .0259805     6.53   0.000      .118739    .2205807
   cov(painter,hiring)|   .1217226   .0235922     5.16   0.000     .0754827    .1679626
   cov(autoa,redwageb)|   .1276155   .0231421     5.51   0.000     .0822577    .1729732
   cov(autoa,fixedinc)|   .2043709   .0235974     8.66   0.000     .1581208    .2506209
         cov(autoa,pb)|   .2397569   .0242997     9.87   0.000     .1921304    .2873834
    cov(autoa,grocery)|    .197327   .0224654     8.78   0.000     .1532957    .2413583
     cov(autoa,apples)|   .3256277   .0264875    12.29   0.000      .273713    .3775423
      cov(autoa,dolls)|   .0945536   .0279375     3.38   0.001      .039797    .1493101
     cov(autoa,hiring)|   .1148996   .0257647     4.46   0.000     .0644016    .1653975
cov(redwageb,fixedinc)|   .1495053   .0206575     7.24   0.000     .1090174    .1899932
      cov(redwageb,pb)|   .0845971   .0204838     4.13   0.000     .0444495    .1247447
 cov(redwageb,grocery)|   .1011993   .0193261     5.24   0.000     .0633209    .1390777
  cov(redwageb,apples)|   .1612359   .0219892     7.33   0.000     .1181379    .2043339
   cov(redwageb,dolls)|   .1030412   .0249134     4.14   0.000     .0542119    .1518706
  cov(redwageb,hiring)|   .1058967   .0229163     4.62   0.000     .0609816    .1508119
      cov(fixedinc,pb)|   .1282707   .0205695     6.24   0.000     .0879553    .1685861
 cov(fixedinc,grocery)|   .1149664   .0192418     5.97   0.000     .0772532    .1526795
  cov(fixedinc,apples)|   .1655163   .0218315     7.58   0.000     .1227273    .2083054
   cov(fixedinc,dolls)|   .0541349   .0244888     2.21   0.027     .0061377     .102132
  cov(fixedinc,hiring)|   .0787656   .0225673     3.49   0.000     .0345344    .1229967
       cov(pb,grocery)|   .1753584   .0200442     8.75   0.000     .1360726    .2146442
        cov(pb,apples)|   .2240136   .0227398     9.85   0.000     .1794445    .2685827
         cov(pb,dolls)|   .0998411   .0250064     3.99   0.000     .0508294    .1488528
        cov(pb,hiring)|   .0978166   .0229722     4.26   0.000     .0527919    .1428413
   cov(grocery,apples)|   .2113547    .021332     9.91   0.000     .1695449    .2531646
    cov(grocery,dolls)|   .1225586   .0236026     5.19   0.000     .0762983    .1688188
   cov(grocery,hiring)|   .1164763   .0216791     5.37   0.000     .0739861    .1589665
     cov(apples,dolls)|   .1582711   .0265485     5.96   0.000      .106237    .2103052
    cov(apples,hiring)|   .1253236   .0242204     5.17   0.000     .0778525    .1727948
     cov(dolls,hiring)|   .2138981   .0286211     7.47   0.000     .1578017    .2699945
---------------------------------------------------------------------------------------
LR test of model vs. saturated: chi2(135) =    871.93, Prob > chi2 = 0.0000

. est store SAME9

. 
end of do-file

. do "/var/folders/y_/b5zl4m9d69b5fg2jzxzhpg8m0000gq/T//SD14426.000000"

. est stats DIFF9 SAME9

Akaike's information criterion and Bayesian information criterion

-----------------------------------------------------------------------------
       Model |          N   ll(null)  ll(model)      df        AIC        BIC
-------------+---------------------------------------------------------------
       DIFF9 |        819          .  -7805.413     216   16042.83   17059.77
       SAME9 |        819          .  -8241.378      81   16644.76   17026.11
-----------------------------------------------------------------------------
Note: BIC uses N = number of observations. See [R] BIC note.

. lrtest SAME9 DIFF9

Likelihood-ratio test                                 LR chi2(135)=    871.93
(Assumption: SAME9 nested in DIFF9)                   Prob > chi2 =    0.0000

. 
end of do-file

. do "/var/folders/y_/b5zl4m9d69b5fg2jzxzhpg8m0000gq/T//SD14426.000000"

. log close
      name:  <unnamed>
       log:  /Users/mtaylor2/Library/CloudStorage/GoogleDrive-marshall.taylor89@gmail.com
> /My Drive/wno_attention/fairness_sem.log
  log type:  text
 closed on:  10 Jan 2023, 12:18:41
-----------------------------------------------------------------------------------------
